p/image32.jpg 1 0 0 564 752
p/image31.jpg 1 0 0 564 752
p/image30.jpg 1 0 0 564 1002
p/image29.jpg 1 0 0 564 846
p/image28.jpg 1 0 0 564 753
p/image27.jpg 1 0 0 564 564
p/image26.jpg 1 0 0 564 752
p/image25.jpg 1 0 0 564 752
p/image24.jpg 1 0 0 563 755
p/image23.jpg 1 0 0 563 337
p/image22.jpg 1 0 0 564 752
p/image21.jpg 1 0 0 564 752
p/image20.jpg 1 0 0 564 752
p/image19.jpg 1 0 0 268 500
p/image18.jpg 1 0 0 564 1002
p/image17.jpg 1 0 0 480 640
p/image16.jpg 1 0 0 564 752
p/image15.jpg 1 0 0 564 752
p/image14.jpg 1 0 0 564 752
p/image13.jpg 1 0 0 564 752
p/image12.jpg 1 0 0 291 516
p/image11.jpg 1 0 0 564 565
p/image10.jpg 1 0 0 466 580
p/image9.jpg 1 0 0 564 851
p/image8.jpg 1 0 0 301 500
p/image7.jpg 1 0 0 563 342
p/image6.jpg 1 0 0 375 500
p/image5.jpg 1 0 0 564 682
p/image4.jpg 1 0 0 564 930
p/image3.jpg 1 0 0 380 626
p/image2.jpg 1 0 0 564 843
p/image1.jpg 1 0 0 390 499